    5ms: INFO     ログクリア機能テスト: クリア後のテストメッセージ [C:\TAKAGI\MyCode\formula_frac\test_log_clear.py:52:test_log_clear_functionality]
    2ms: INFO     アプリケーションを開始します [main.py:51:main]
    3ms: INFO     Numbaを初期化中... [main.py:54:main]
    3ms: INFO     Numbaキャッシュ設定: 有効 [numba_utils.py:18:configure_numba]
    5ms: INFO     Numba バージョン: 0.61.2 [numba_utils.py:46:get_numba_info]
    6ms: INFO     キャッシュ有効: True [numba_utils.py:47:get_numba_info]
    6ms: INFO     キャッシュディレクトリ:  [numba_utils.py:48:get_numba_info]
    7ms: INFO     並列処理スレッド数: 12 [numba_utils.py:49:get_numba_info]
   27ms: INFO     設定ファイルの読み込みが完了しました: config.json [main.py:33:load_config]
   28ms: INFO     メインウィンドウを作成中... [main.py:66:main]
   45ms: INFO     MandelbrotWindow: 初期描画を開始します [mandelbrot_window.py:34:MandelbrotWindow.__init__]
   46ms: INFO     画像更新を開始します。数式: 'z * z + c' [mandelbrot_window.py:103:MandelbrotWindow.update_image]
  103ms: INFO     画像生成を開始します - サイズ: 800x600, 式: 'z * z + c' [mandelbrot_worker.py:38:MandelbrotWorker.run]
  103ms: INFO     メインウィンドウを表示しました [main.py:69:main]
  104ms: INFO     高速化版（JIT最適化）を使用します [mandelbrot_core.py:252:generate_mandelbrot_image]
  104ms: INFO     アプリケーションのメインループを開始します [main.py:71:main]
  962ms: INFO     画像生成が完了しました: 0.86秒 [mandelbrot_worker.py:53:MandelbrotWorker.run]
  964ms: INFO     画像生成が完了しました。サイズ: 800x600 [mandelbrot_window.py:131:MandelbrotWindow.on_image_ready]
    3ms: INFO     Numbaキャッシュ設定: 有効 [C:\TAKAGI\MyCode\formula_frac\numba_utils.py:18:configure_numba]
    4ms: INFO     Numba バージョン: 0.61.2 [C:\TAKAGI\MyCode\formula_frac\numba_utils.py:46:get_numba_info]
    4ms: INFO     キャッシュ有効: True [C:\TAKAGI\MyCode\formula_frac\numba_utils.py:47:get_numba_info]
    5ms: INFO     キャッシュディレクトリ:  [C:\TAKAGI\MyCode\formula_frac\numba_utils.py:48:get_numba_info]
    5ms: INFO     並列処理スレッド数: 12 [C:\TAKAGI\MyCode\formula_frac\numba_utils.py:49:get_numba_info]
    6ms: INFO     高速化版（JIT最適化）を使用します [C:\TAKAGI\MyCode\formula_frac\mandelbrot_core.py:252:generate_mandelbrot_image]
  801ms: INFO     高速化版（JIT最適化）を使用します [C:\TAKAGI\MyCode\formula_frac\mandelbrot_core.py:252:generate_mandelbrot_image]
  812ms: INFO     高速化版（JIT最適化）を使用します [C:\TAKAGI\MyCode\formula_frac\mandelbrot_core.py:252:generate_mandelbrot_image]
  823ms: INFO     従来版（eval方式）を使用します [C:\TAKAGI\MyCode\formula_frac\mandelbrot_core.py:272:generate_mandelbrot_image]
    3ms: INFO     アプリケーションを開始します [main.py:51:main]
    4ms: INFO     Numbaを初期化中... [main.py:54:main]
    5ms: INFO     Numbaキャッシュ設定: 有効 [numba_utils.py:18:configure_numba]
    5ms: INFO     Numba バージョン: 0.61.2 [numba_utils.py:46:get_numba_info]
    5ms: INFO     キャッシュ有効: True [numba_utils.py:47:get_numba_info]
    6ms: INFO     キャッシュディレクトリ:  [numba_utils.py:48:get_numba_info]
    6ms: INFO     並列処理スレッド数: 12 [numba_utils.py:49:get_numba_info]
   22ms: INFO     設定ファイルの読み込みが完了しました: config.json [main.py:33:load_config]
   23ms: INFO     メインウィンドウを作成中... [main.py:66:main]
   39ms: INFO     MandelbrotWindow: 初期描画を開始します [mandelbrot_window.py:34:MandelbrotWindow.__init__]
   40ms: INFO     画像更新を開始します。数式: 'z * z + c' [mandelbrot_window.py:103:MandelbrotWindow.update_image]
   98ms: INFO     画像生成を開始します - サイズ: 800x600, 式: 'z * z + c' [mandelbrot_worker.py:38:MandelbrotWorker.run]
   98ms: INFO     メインウィンドウを表示しました [main.py:69:main]
   99ms: INFO     高速化版（JIT最適化）を使用します [mandelbrot_core.py:252:generate_mandelbrot_image]
   99ms: INFO     アプリケーションのメインループを開始します [main.py:71:main]
  962ms: INFO     画像生成が完了しました: 0.86秒 [mandelbrot_worker.py:53:MandelbrotWorker.run]
  963ms: INFO     画像生成が完了しました。サイズ: 800x600 [mandelbrot_window.py:131:MandelbrotWindow.on_image_ready]
 8355ms: INFO     画像更新を開始します。数式: 'z * z*z + c' [mandelbrot_window.py:103:MandelbrotWindow.update_image]
 8358ms: INFO     画像生成を開始します - サイズ: 800x600, 式: 'z * z*z + c' [mandelbrot_worker.py:38:MandelbrotWorker.run]
 8359ms: INFO     従来版（eval方式）を使用します [mandelbrot_core.py:272:generate_mandelbrot_image]
    4ms: INFO     アプリケーションを開始します [main.py:51:main]
    4ms: INFO     Numbaを初期化中... [main.py:54:main]
    4ms: INFO     Numbaキャッシュ設定: 有効 [numba_utils.py:18:configure_numba]
    4ms: INFO     Numba バージョン: 0.61.2 [numba_utils.py:46:get_numba_info]
    5ms: INFO     キャッシュ有効: True [numba_utils.py:47:get_numba_info]
    5ms: INFO     キャッシュディレクトリ:  [numba_utils.py:48:get_numba_info]
    5ms: INFO     並列処理スレッド数: 12 [numba_utils.py:49:get_numba_info]
   22ms: INFO     設定ファイルの読み込みが完了しました: config.json [main.py:33:load_config]
   22ms: INFO     メインウィンドウを作成中... [main.py:66:main]
   41ms: INFO     MandelbrotWindow: 初期描画を開始します [mandelbrot_window.py:34:MandelbrotWindow.__init__]
   42ms: INFO     画像更新を開始します。数式: 'z * z + c' [mandelbrot_window.py:103:MandelbrotWindow.update_image]
   95ms: INFO     メインウィンドウを表示しました [main.py:69:main]
   95ms: INFO     画像生成を開始します - サイズ: 800x600, 式: 'z * z + c' [mandelbrot_worker.py:38:MandelbrotWorker.run]
   96ms: INFO     アプリケーションのメインループを開始します [main.py:71:main]
   96ms: INFO     高速化版（JIT最適化）を使用します [mandelbrot_core.py:252:generate_mandelbrot_image]
  928ms: INFO     画像生成が完了しました: 0.83秒 [mandelbrot_worker.py:53:MandelbrotWorker.run]
  929ms: INFO     画像生成が完了しました。サイズ: 800x600 [mandelbrot_window.py:131:MandelbrotWindow.on_image_ready]
    2ms: INFO     アプリケーションを開始します [main.py:51:main]
    4ms: INFO     Numbaを初期化中... [main.py:54:main]
    4ms: INFO     Numbaキャッシュ設定: 有効 [numba_utils.py:18:configure_numba]
    5ms: INFO     Numba バージョン: 0.61.2 [numba_utils.py:46:get_numba_info]
    5ms: INFO     キャッシュ有効: True [numba_utils.py:47:get_numba_info]
    6ms: INFO     キャッシュディレクトリ:  [numba_utils.py:48:get_numba_info]
    6ms: INFO     並列処理スレッド数: 12 [numba_utils.py:49:get_numba_info]
   22ms: INFO     設定ファイルの読み込みが完了しました: config.json [main.py:33:load_config]
   22ms: INFO     メインウィンドウを作成中... [main.py:66:main]
   40ms: INFO     MandelbrotWindow: 初期描画を開始します [mandelbrot_window.py:34:MandelbrotWindow.__init__]
   40ms: INFO     画像更新を開始します。数式: 'z * z + c' [mandelbrot_window.py:103:MandelbrotWindow.update_image]
   99ms: INFO     画像生成を開始します - サイズ: 800x600, 式: 'z * z + c' [mandelbrot_worker.py:38:MandelbrotWorker.run]
   99ms: INFO     メインウィンドウを表示しました [main.py:69:main]
  100ms: INFO     高速化版（JIT最適化）を使用します [mandelbrot_core.py:359:generate_mandelbrot_image]
  100ms: INFO     アプリケーションのメインループを開始します [main.py:71:main]
  959ms: INFO     画像生成が完了しました: 0.86秒 [mandelbrot_worker.py:53:MandelbrotWorker.run]
  961ms: INFO     画像生成が完了しました。サイズ: 800x600 [mandelbrot_window.py:131:MandelbrotWindow.on_image_ready]
 9138ms: INFO     画像更新を開始します。数式: 'z * z * z + c' [mandelbrot_window.py:103:MandelbrotWindow.update_image]
 9141ms: INFO     画像生成を開始します - サイズ: 800x600, 式: 'z * z * z + c' [mandelbrot_worker.py:38:MandelbrotWorker.run]
 9142ms: INFO     カスタム式最適化版を使用します [mandelbrot_core.py:379:generate_mandelbrot_image]
16539ms: INFO     画像生成が完了しました: 7.40秒 [mandelbrot_worker.py:53:MandelbrotWorker.run]
16540ms: INFO     画像生成が完了しました。サイズ: 800x600 [mandelbrot_window.py:131:MandelbrotWindow.on_image_ready]
41986ms: INFO     画像更新を開始します。数式: 'z * z * z * z + c' [mandelbrot_window.py:103:MandelbrotWindow.update_image]
41988ms: INFO     画像生成を開始します - サイズ: 800x600, 式: 'z * z * z * z + c' [mandelbrot_worker.py:38:MandelbrotWorker.run]
41989ms: INFO     カスタム式最適化版を使用します [mandelbrot_core.py:379:generate_mandelbrot_image]
50528ms: INFO     画像生成が完了しました: 8.54秒 [mandelbrot_worker.py:53:MandelbrotWorker.run]
50529ms: INFO     画像生成が完了しました。サイズ: 800x600 [mandelbrot_window.py:131:MandelbrotWindow.on_image_ready]
    3ms: INFO     高速化版（JIT最適化）を使用します [C:\TAKAGI\MyCode\formula_frac\mandelbrot_core.py:359:generate_mandelbrot_image]
  780ms: INFO     高速化版（JIT最適化）を使用します [C:\TAKAGI\MyCode\formula_frac\mandelbrot_core.py:359:generate_mandelbrot_image]
  786ms: INFO     高速化版（JIT最適化）を使用します [C:\TAKAGI\MyCode\formula_frac\mandelbrot_core.py:359:generate_mandelbrot_image]
  790ms: INFO     高速化版（JIT最適化）を使用します [C:\TAKAGI\MyCode\formula_frac\mandelbrot_core.py:359:generate_mandelbrot_image]
  794ms: INFO     カスタム式最適化版を使用します [C:\TAKAGI\MyCode\formula_frac\mandelbrot_core.py:379:generate_mandelbrot_image]
 3381ms: INFO     カスタム式最適化版を使用します [C:\TAKAGI\MyCode\formula_frac\mandelbrot_core.py:379:generate_mandelbrot_image]
 5887ms: INFO     カスタム式最適化版を使用します [C:\TAKAGI\MyCode\formula_frac\mandelbrot_core.py:379:generate_mandelbrot_image]
 8623ms: INFO     カスタム式最適化版を使用します [C:\TAKAGI\MyCode\formula_frac\mandelbrot_core.py:379:generate_mandelbrot_image]
11364ms: INFO     カスタム式最適化版を使用します [C:\TAKAGI\MyCode\formula_frac\mandelbrot_core.py:379:generate_mandelbrot_image]
13465ms: INFO     カスタム式最適化版を使用します [C:\TAKAGI\MyCode\formula_frac\mandelbrot_core.py:379:generate_mandelbrot_image]
15490ms: INFO     カスタム式最適化版を使用します [C:\TAKAGI\MyCode\formula_frac\mandelbrot_core.py:379:generate_mandelbrot_image]
17678ms: INFO     カスタム式最適化版を使用します [C:\TAKAGI\MyCode\formula_frac\mandelbrot_core.py:379:generate_mandelbrot_image]
19800ms: INFO     数式キャッシュをクリアしました（4個の式） [C:\TAKAGI\MyCode\formula_frac\mandelbrot_core.py:58:clear_formula_cache]
    2ms: INFO     アプリケーションを開始します [main.py:51:main]
    4ms: INFO     Numbaを初期化中... [main.py:54:main]
    5ms: INFO     Numbaキャッシュ設定: 有効 [numba_utils.py:18:configure_numba]
    5ms: INFO     Numba バージョン: 0.61.2 [numba_utils.py:46:get_numba_info]
    5ms: INFO     キャッシュ有効: True [numba_utils.py:47:get_numba_info]
    6ms: INFO     キャッシュディレクトリ:  [numba_utils.py:48:get_numba_info]
    6ms: INFO     並列処理スレッド数: 12 [numba_utils.py:49:get_numba_info]
   21ms: INFO     設定ファイルの読み込みが完了しました: config.json [main.py:33:load_config]
   22ms: INFO     メインウィンドウを作成中... [main.py:66:main]
   39ms: INFO     MandelbrotWindow: 初期描画を開始します [mandelbrot_window.py:34:MandelbrotWindow.__init__]
   40ms: INFO     画像更新を開始します。数式: 'z * z + c' [mandelbrot_window.py:103:MandelbrotWindow.update_image]
   96ms: INFO     画像生成を開始します - サイズ: 800x600, 式: 'z * z + c' [mandelbrot_worker.py:38:MandelbrotWorker.run]
   97ms: INFO     メインウィンドウを表示しました [main.py:69:main]
   98ms: INFO     高速化版（JIT最適化）を使用します [mandelbrot_core.py:359:generate_mandelbrot_image]
   98ms: INFO     アプリケーションのメインループを開始します [main.py:71:main]
  952ms: INFO     画像生成が完了しました: 0.85秒 [mandelbrot_worker.py:53:MandelbrotWorker.run]
  953ms: INFO     画像生成が完了しました。サイズ: 800x600 [mandelbrot_window.py:131:MandelbrotWindow.on_image_ready]
